(---------------------------------------------------------------------)
(                                                                     )
(    NC DRILL Log                                                     )
(                                                                     )
(    Drawing          : MACHLORA_02_03Jul25_02.brd                    )
(    Software Version : unreleased                                    )
(    Date/Time        : Wed Mar 25 15:55:55 2026                      )
(                                                                     )
(---------------------------------------------------------------------)



 Processing NC Parameters file 'nc_param.txt' ...

 NC PARAMETERS
 -------------

 FORMAT   		2.5
 MACHINE-OFFSET		x:0.00000	y:0.00000   (mm)
 FEEDRATE		1
 COORDINATES		ABSOLUTE
 OUTPUT-UNITS		METRIC
 TOOL-ORDER		INCREASING
 REPEAT-CODES		NO
 SUPPRESS-LEAD-ZEROES	NO
 SUPPRESS-TRAIL-ZEROES	YES
 SUPPRESS-EQUAL		NO
 TOOL-SELECT		YES
 HEADER			none
 LEADER			12
 CODE			ASCII
 SEPARATE		NO
 SEPARATE-ROUTING	NO
 OPTIMIZE_DRILLING	YES
 ENHANCED_EXCELLON	YES
 SCALE			1.000000

 WARNING(SPMHMF-368): Cannot find NC Drill tool file 'nc_tools.txt'
 WARNING(SPMHMF-369): ... will auto-generate tool file 'nc_tools_auto.txt'.


     Auto-generating tool file 'nc_tools_auto.txt' ...

           Size  Plating  Tool        + Tolerance  - Tolerance

         0.3048  P        T01            0.000000     0.000000
         0.5000  P        T02            0.000000     0.000000
         0.7100  P        T03            0.000000     0.000000
         0.7112  P        T04            0.000000     0.000000
         0.7140  P        T05            0.000000     0.000000
         1.0200  P        T06            0.000000     0.000000
         1.0700  P        T07            0.000000     0.000000
         1.2192  P        T08            0.000000     0.000000
         1.2700  P        T09            0.000000     0.000000
         1.3000  P        T10            0.000000     0.000000
         3.1999  N        T11            0.000000     0.000000


Drill files being output to directory 'C:/Users/hungt/Downloads/Compressed/LoRa-based Monitoring System Project/gerber' ...



     'MACHLORA_02_03Jul25_02-1-2.drl' created for holes connecting TOP and BOTTOM
     ----------------------------------------------------------------------------

     Tool  Num     Size      +/- Tolerance     Plating   Quantity

     T01    1.   0.3048    0.0000/  0.0000      PLATED        311
     T02    2.   0.5000    0.0000/  0.0000      PLATED          2
     T03    3.   0.7100    0.0000/  0.0000      PLATED         12
     T04    4.   0.7112    0.0000/  0.0000      PLATED          3
     T05    5.   0.7140    0.0000/  0.0000      PLATED          3
     T06    6.   1.0200    0.0000/  0.0000      PLATED          6
     T07    7.   1.0700    0.0000/  0.0000      PLATED          4
     T08    8.   1.2192    0.0000/  0.0000      PLATED          3
     T09    9.   1.2700    0.0000/  0.0000      PLATED          2
     T10   10.   1.3000    0.0000/  0.0000      PLATED         12
     T11   11.   3.1999    0.0000/  0.0000  NON_PLATED          4

     ---- Total holes:                                        362

     ---- Total head travel:              8.57 feet (2.61 meters)

